  main.cpp
  The contents of <filesystem> are available only with C++17 or later.
C:\Users\Nate\source\repos\BulkRunner\BulkRunner\main.cpp(56,49): warning C4267: 'initializing': conversion from 'size_t' to 'int', possible loss of data
C:\Users\Nate\source\repos\BulkRunner\BulkRunner\main.cpp(75,34): warning C4018: '<': signed/unsigned mismatch
C:\Users\Nate\source\repos\BulkRunner\BulkRunner\main.cpp(92,41): warning C4244: '=': conversion from '_Ty' to 'int', possible loss of data
          with
          [
              _Ty=float
          ]
C:\Users\Nate\source\repos\BulkRunner\BulkRunner\main.cpp(100,41): warning C4244: '=': conversion from '_Ty' to 'int', possible loss of data
          with
          [
              _Ty=float
          ]
C:\Users\Nate\source\repos\BulkRunner\BulkRunner\main.cpp(111,96): warning C4244: 'argument': conversion from '_Ty' to '_Ty', possible loss of data
          with
          [
              _Ty=float
          ]
          and
          [
              _Ty=int
          ]
C:\Users\Nate\source\repos\BulkRunner\BulkRunner\main.cpp(135,51): warning C4244: '=': conversion from '_Ty' to 'int', possible loss of data
          with
          [
              _Ty=float
          ]
C:\Users\Nate\source\repos\BulkRunner\BulkRunner\main.cpp(148,51): warning C4244: '=': conversion from '_Ty' to 'int', possible loss of data
          with
          [
              _Ty=float
          ]
C:\Users\Nate\source\repos\BulkRunner\BulkRunner\main.cpp(161,53): warning C4244: '=': conversion from '_Ty' to 'int', possible loss of data
          with
          [
              _Ty=float
          ]
C:\Users\Nate\source\repos\BulkRunner\BulkRunner\main.cpp(230,32): warning C4018: '<': signed/unsigned mismatch
C:\Users\Nate\source\repos\BulkRunner\BulkRunner\main.cpp(235,32): warning C4018: '<': signed/unsigned mismatch
C:\Users\Nate\source\repos\BulkRunner\BulkRunner\main.cpp(244,32): warning C4018: '<': signed/unsigned mismatch
C:\Users\Nate\source\repos\BulkRunner\BulkRunner\main.cpp(247,36): warning C4018: '<': signed/unsigned mismatch
C:\Users\Nate\source\repos\BulkRunner\BulkRunner\main.cpp(252,36): warning C4018: '<': signed/unsigned mismatch
C:\Users\Nate\source\repos\BulkRunner\BulkRunner\main.cpp(275,33): warning C4244: 'argument': conversion from 'int' to '_Ty', possible loss of data
          with
          [
              _Ty=float
          ]
  BulkRunner.vcxproj -> C:\Users\Nate\source\repos\BulkRunner\x64\Debug\BulkRunner.exe
